2025-03-02 15:00:05,479 - api_connection - INFO - Initialized API connection for demo account
2025-03-02 15:00:05,481 - main - INFO - Connecting to Deriv API...
2025-03-02 15:00:05,481 - api_connection - INFO - API Token diagnostic: Token length: 15 chars, Composition: 13 letters, 2 digits, 0 special chars, Format: Valid format, Token preview: VW2*********OGp
2025-03-02 15:00:05,482 - api_connection - INFO - Connecting to Deriv API (wss://ws.binaryws.com/websockets/v3)...
2025-03-02 15:00:06,487 - api_connection - ERROR - Connection failed: server rejected WebSocket connection: HTTP 401
2025-03-02 15:00:06,488 - main - ERROR - Failed to connect to Deriv API
2025-03-02 15:00:06,488 - main - INFO - Bot stopped
2025-03-02 15:00:51,369 - api_connection - INFO - Initialized API connection for demo account
2025-03-02 15:00:51,371 - main - INFO - Connecting to Deriv API...
2025-03-02 15:00:51,371 - api_connection - INFO - API Token diagnostic: Token length: 15 chars, Composition: 13 letters, 2 digits, 0 special chars, Format: Valid format, Token preview: VW2*********OGp
2025-03-02 15:00:51,372 - api_connection - INFO - Connecting to Deriv API (wss://ws.binaryws.com/websockets/v3)...
2025-03-02 15:00:52,194 - api_connection - ERROR - Connection failed: server rejected WebSocket connection: HTTP 401
2025-03-02 15:00:52,194 - main - ERROR - Failed to connect to Deriv API
2025-03-02 15:00:52,195 - main - INFO - Bot stopped
2025-03-02 15:02:11,738 - api_connection - INFO - Initialized API connection for demo account
2025-03-02 15:02:11,739 - main - INFO - Connecting to Deriv API...
2025-03-02 15:02:11,739 - api_connection - INFO - API Token diagnostic: Token length: 15 chars, Composition: 13 letters, 2 digits, 0 special chars, Format: Valid format, Token preview: VW2*********OGp
2025-03-02 15:02:11,740 - api_connection - INFO - Connecting to Deriv API (wss://ws.binaryws.com/websockets/v3?app_id=1089)...
2025-03-02 15:02:12,696 - api_connection - ERROR - Authentication failed: Input validation failed: Properties not allowed: app_id.
2025-03-02 15:02:12,697 - api_connection - INFO - Disconnecting from Deriv API...
2025-03-02 15:02:12,825 - main - ERROR - Failed to connect to Deriv API
2025-03-02 15:02:12,827 - main - INFO - Bot stopped
2025-03-02 15:18:56,654 - api_connection - INFO - Initialized API connection for demo account
2025-03-02 15:18:56,656 - main - INFO - Connecting to Deriv API...
2025-03-02 15:18:56,656 - api_connection - INFO - API Token diagnostic: Token length: 15 chars, Composition: 13 letters, 2 digits, 0 special chars, Format: Valid format, Token preview: VW2*********OGp
2025-03-02 15:18:56,658 - api_connection - INFO - Connecting to Deriv API (wss://ws.derivapi.com/websockets/v3)...
2025-03-02 15:18:56,868 - api_connection - ERROR - Connection failed: BaseEventLoop.create_connection() got an unexpected keyword argument 'extra_headers'
2025-03-02 15:18:56,868 - main - ERROR - Failed to connect to Deriv API
2025-03-02 15:18:56,869 - trader - INFO - Stopping trader
2025-03-02 15:18:56,869 - main - INFO - Bot stopped
2025-03-02 15:22:49,320 - api_connection - INFO - Initialized API connection for demo account
2025-03-02 15:22:49,322 - main - INFO - Connecting to Deriv API...
2025-03-02 15:22:49,326 - api_connection - INFO - Connecting to Deriv API (wss://ws.binaryws.com/websockets/v3)...
2025-03-02 15:22:51,383 - api_connection - ERROR - Connection failed: server rejected WebSocket connection: HTTP 401
2025-03-02 15:22:51,384 - main - ERROR - Failed to connect to Deriv API
2025-03-02 15:22:51,384 - trader - INFO - Stopping trader
2025-03-02 15:22:51,385 - main - INFO - Bot stopped
2025-03-02 15:24:09,140 - api_connection - INFO - Initialized API connection for demo account
2025-03-02 15:24:09,141 - main - INFO - Connecting to Deriv API...
2025-03-02 15:24:09,142 - api_connection - INFO - API Token diagnostic: Token length: 15 chars, Composition: 13 letters, 2 digits, 0 special chars, Format: Valid format, Token preview: VW2*********OGp
2025-03-02 15:24:09,142 - api_connection - INFO - Connecting to Deriv API (wss://ws.binaryws.com/websockets/v3?app_id=68832)...
2025-03-02 15:24:10,053 - api_connection - ERROR - Authentication failed: Input validation failed: Properties not allowed: app_id.
2025-03-02 15:24:10,054 - api_connection - INFO - Disconnecting from Deriv API...
2025-03-02 15:24:10,235 - main - ERROR - Failed to connect to Deriv API
2025-03-02 15:24:10,236 - trader - INFO - Stopping trader
2025-03-02 15:24:10,237 - main - INFO - Bot stopped
2025-03-02 15:30:15,952 - api_connection - INFO - Initialized API connection for demo account
2025-03-02 15:30:15,953 - main - INFO - Connecting to Deriv API...
2025-03-02 15:30:15,954 - api_connection - INFO - Connecting to Deriv API (wss://ws.binaryws.com/websockets/v3)...
2025-03-02 15:30:17,009 - api_connection - ERROR - Initial connection failed: server rejected WebSocket connection: HTTP 401
2025-03-02 15:30:17,010 - main - ERROR - Failed to connect to Deriv API
2025-03-02 15:30:17,010 - trader - INFO - Stopping trader
2025-03-02 15:30:17,011 - main - INFO - Bot stopped
2025-03-02 15:33:09,376 - api_connection - INFO - Initialized API connection for demo account
2025-03-02 15:33:09,382 - main - INFO - Connecting to Deriv API...
2025-03-02 15:33:09,382 - api_connection - INFO - Connecting to Deriv API (wss://ws.binaryws.com/websockets/v3?app_id=68832)...
2025-03-02 15:33:10,367 - api_connection - ERROR - Authentication failed: Input validation failed: Properties not allowed: app_id. (Code: InputValidationFailed)
2025-03-02 15:33:10,369 - api_connection - INFO - Disconnecting from Deriv API...
2025-03-02 15:33:10,496 - main - ERROR - Failed to connect to Deriv API
2025-03-02 15:33:10,503 - trader - INFO - Stopping trader
2025-03-02 15:33:10,542 - main - INFO - Bot stopped
2025-03-02 15:39:36,538 - api_connection - INFO - Initialized API connection for demo account
2025-03-02 15:39:36,538 - main - INFO - Connecting to Deriv API...
2025-03-02 15:39:36,539 - api_connection - INFO - Connecting to Deriv API (wss://ws.binaryws.com/websockets/v3?app_id=68832)...
2025-03-02 15:39:37,653 - api_connection - ERROR - Authentication failed: Input validation failed: Properties not allowed: app_id. (Code: InputValidationFailed)
2025-03-02 15:39:37,666 - api_connection - INFO - Disconnecting from Deriv API...
2025-03-02 15:39:37,792 - main - ERROR - Failed to connect to Deriv API
2025-03-02 15:39:37,812 - trader - INFO - Stopping trader
2025-03-02 15:39:37,815 - main - INFO - Bot stopped
2025-03-02 15:42:12,063 - api_connection - INFO - Initialized API connection for demo account
2025-03-02 15:42:12,065 - main - INFO - Connecting to Deriv API...
2025-03-02 15:42:12,065 - api_connection - INFO - Connecting to Deriv API (wss://ws.binaryws.com/websockets/v3?app_id=68832)...
2025-03-02 15:42:13,207 - api_connection - ERROR - Authentication failed: Input validation failed: req_id (Code: InputValidationFailed)
2025-03-02 15:42:13,208 - api_connection - INFO - Disconnecting from Deriv API...
2025-03-02 15:42:13,341 - main - ERROR - Failed to connect to Deriv API
2025-03-02 15:42:13,357 - trader - INFO - Stopping trader
2025-03-02 15:42:13,383 - main - INFO - Bot stopped
2025-03-02 15:47:25,289 - api_connection - INFO - Initialized API connection for demo account
2025-03-02 15:47:25,291 - main - INFO - Connecting to Deriv API...
2025-03-02 15:47:25,291 - api_connection - INFO - Connecting to Deriv API (wss://ws.binaryws.com/websockets/v3?app_id=68832)...
2025-03-02 15:47:26,616 - api_connection - ERROR - Authentication failed: Input validation failed: req_id (Code: InputValidationFailed)
2025-03-02 15:47:26,618 - api_connection - INFO - Disconnecting from Deriv API...
2025-03-02 15:47:26,742 - main - ERROR - Failed to connect to Deriv API
2025-03-02 15:47:26,743 - trader - INFO - Stopping trader
2025-03-02 15:47:26,744 - main - INFO - Bot stopped
2025-03-02 15:48:03,797 - api_connection - INFO - Initialized API connection for demo account
2025-03-02 15:48:03,798 - main - INFO - Connecting to Deriv API...
2025-03-02 15:48:03,804 - api_connection - INFO - Connecting to Deriv API (wss://ws.binaryws.com/websockets/v3?app_id=68832)...
2025-03-02 15:48:04,997 - api_connection - ERROR - Authentication failed: Input validation failed: req_id (Code: InputValidationFailed)
2025-03-02 15:48:04,997 - api_connection - INFO - Disconnecting from Deriv API...
2025-03-02 15:48:05,152 - main - ERROR - Failed to connect to Deriv API
2025-03-02 15:48:05,154 - trader - INFO - Stopping trader
2025-03-02 15:48:05,156 - main - INFO - Bot stopped
2025-03-02 15:52:11,236 - api_connection - INFO - Initialized API connection for demo account
2025-03-02 15:52:11,262 - main - INFO - Connecting to Deriv API...
2025-03-02 15:52:11,263 - api_connection - INFO - Connecting to Deriv API (wss://ws.binaryws.com/websockets/v3?app_id=68832)...
2025-03-02 15:52:12,415 - api_connection - ERROR - Authentication failed: Input validation failed: req_id (Code: InputValidationFailed)
2025-03-02 15:52:12,416 - api_connection - INFO - Disconnecting from Deriv API...
2025-03-02 15:52:12,553 - main - ERROR - Failed to connect to Deriv API
2025-03-02 15:52:12,618 - trader - INFO - Stopping trader
2025-03-02 15:52:12,619 - main - INFO - Bot stopped
2025-03-02 15:53:02,081 - api_connection - INFO - Initialized API connection for demo account
2025-03-02 15:53:02,082 - main - INFO - Connecting to Deriv API...
2025-03-02 15:53:02,082 - api_connection - INFO - Connecting to Deriv API (wss://ws.binaryws.com/websockets/v3?app_id=68832)...
2025-03-02 15:53:03,246 - api_connection - ERROR - Authentication failed: Input validation failed: req_id (Code: InputValidationFailed)
2025-03-02 15:53:03,246 - api_connection - INFO - Disconnecting from Deriv API...
2025-03-02 15:53:03,371 - main - ERROR - Failed to connect to Deriv API
2025-03-02 15:53:03,378 - trader - INFO - Stopping trader
2025-03-02 15:53:03,380 - main - INFO - Bot stopped
2025-03-02 18:03:56,395 - api_connection - INFO - Initialized API connection for demo account
2025-03-02 18:03:56,396 - api_connection - WARNING - SIMULATION MODE ENABLED: Using simulated API responses instead of real API connection
2025-03-02 18:03:56,396 - main - INFO - Connecting to Deriv API...
2025-03-02 18:03:56,397 - api_connection - WARNING - SIMULATION MODE: Simulating successful connection to Deriv API
2025-03-02 18:03:56,397 - api_connection - INFO - Simulated account created: VRTC969357 with $10000.0
2025-03-02 18:03:56,398 - trader - INFO - Starting trader for R_100
2025-03-02 18:03:56,402 - trader - INFO - Account balance updated: 10000.0
2025-03-02 18:03:56,403 - trader - INFO - Bot started - Trading R_100 with initial stake 10.0
2025-03-02 18:07:40,220 - api_connection - INFO - Initialized API connection for demo account
2025-03-02 18:07:40,222 - main - INFO - Connecting to Deriv API...
2025-03-02 18:07:40,223 - api_connection - INFO - Connecting to Deriv API (wss://ws.derivapi.com/websockets/v3?app_id=68832)...
2025-03-02 18:07:40,730 - api_connection - ERROR - Initial connection failed: BaseEventLoop.create_connection() got an unexpected keyword argument 'extra_headers'
2025-03-02 18:07:40,731 - main - ERROR - Failed to connect to Deriv API
2025-03-02 18:07:40,731 - trader - INFO - Stopping trader
2025-03-02 18:07:40,732 - main - INFO - Bot stopped
2025-03-02 18:08:41,578 - api_connection - INFO - Initialized API connection for demo account
2025-03-02 18:08:41,584 - main - INFO - Connecting to Deriv API...
2025-03-02 18:08:41,584 - api_connection - INFO - Connecting to Deriv API (wss://ws.derivapi.com/websockets/v3?app_id=68832)...
2025-03-02 18:08:42,746 - api_connection - ERROR - Initial connection failed: [Errno 11001] getaddrinfo failed
2025-03-02 18:08:42,746 - main - ERROR - Failed to connect to Deriv API
2025-03-02 18:08:42,747 - trader - INFO - Stopping trader
2025-03-02 18:08:42,747 - main - INFO - Bot stopped
2025-03-02 18:09:41,048 - api_connection - INFO - Initialized API connection for demo account
2025-03-02 18:09:41,049 - main - INFO - Connecting to Deriv API...
2025-03-02 18:09:41,050 - api_connection - INFO - Connecting to Deriv API (wss://ws.binaryws.com/websockets/v3?app_id=68832)...
2025-03-02 18:09:42,246 - api_connection - ERROR - Authentication failed: Input validation failed: req_id (Code: InputValidationFailed)
2025-03-02 18:09:42,246 - api_connection - INFO - Disconnecting from Deriv API...
2025-03-02 18:09:42,369 - main - ERROR - Failed to connect to Deriv API
2025-03-02 18:09:42,370 - trader - INFO - Stopping trader
2025-03-02 18:09:42,370 - main - INFO - Bot stopped
2025-03-02 18:12:25,291 - api_connection - INFO - Initialized API connection for demo account
2025-03-02 18:12:25,294 - main - INFO - Connecting to Deriv API...
2025-03-02 18:12:25,295 - api_connection - INFO - Connecting to Deriv API (wss://blue.binaryws.com/websockets/v3?app_id=68832)...
2025-03-02 18:12:26,534 - api_connection - ERROR - Initial connection failed: server rejected WebSocket connection: HTTP 403
2025-03-02 18:12:26,536 - main - ERROR - Failed to connect to Deriv API
2025-03-02 18:12:26,537 - trader - INFO - Stopping trader
2025-03-02 18:12:26,537 - main - INFO - Bot stopped
2025-03-02 18:13:24,155 - api_connection - INFO - Initialized API connection for demo account
2025-03-02 18:13:24,164 - main - INFO - Connecting to Deriv API...
2025-03-02 18:13:24,165 - api_connection - INFO - Connecting to Deriv API (wss://deriv.ws/websockets/v3?app_id=68832)...
2025-03-02 18:13:25,049 - api_connection - ERROR - Initial connection failed: [Errno 11001] getaddrinfo failed
2025-03-02 18:13:25,050 - main - ERROR - Failed to connect to Deriv API
2025-03-02 18:13:25,060 - trader - INFO - Stopping trader
2025-03-02 18:13:25,062 - main - INFO - Bot stopped
2025-03-02 18:14:30,051 - api_connection - INFO - Initialized API connection for demo account
2025-03-02 18:14:30,053 - main - INFO - Connecting to Deriv API...
2025-03-02 18:14:30,054 - api_connection - INFO - Connecting to Deriv API (wss://ws.binaryws.com/websockets/v3?app_id=68832)...
2025-03-02 18:14:31,181 - api_connection - ERROR - Authentication failed: Input validation failed: req_id (Code: InputValidationFailed)
2025-03-02 18:14:31,184 - api_connection - INFO - Disconnecting from Deriv API...
2025-03-02 18:14:31,310 - main - ERROR - Failed to connect to Deriv API
2025-03-02 18:14:31,318 - trader - INFO - Stopping trader
2025-03-02 18:14:31,318 - main - INFO - Bot stopped
2025-03-02 18:15:11,654 - api_connection - INFO - Initialized API connection for demo account
2025-03-02 18:15:11,655 - main - INFO - Connecting to Deriv API...
2025-03-02 18:15:11,656 - api_connection - INFO - Connecting to Deriv API (wss://ws.binaryws.com/websockets/v3?app_id=68832)...
2025-03-02 18:15:12,860 - api_connection - ERROR - Authentication failed: Input validation failed: req_id (Code: InputValidationFailed)
2025-03-02 18:15:12,861 - api_connection - INFO - Disconnecting from Deriv API...
2025-03-02 18:15:12,982 - main - ERROR - Failed to connect to Deriv API
2025-03-02 18:15:12,998 - trader - INFO - Stopping trader
2025-03-02 18:15:12,999 - main - INFO - Bot stopped
2025-03-02 18:17:52,196 - api_connection - INFO - Initialized API connection for demo account
2025-03-02 18:17:52,203 - main - INFO - Connecting to Deriv API...
2025-03-02 18:17:52,213 - api_connection - INFO - Connecting to Deriv API (wss://ws.binaryws.com/websockets/v3?app_id=68832)...
2025-03-02 18:18:13,354 - api_connection - ERROR - Request 1740957473330 timed out
2025-03-02 18:18:13,368 - api_connection - ERROR - Authentication failed: Request timed out (Code: )
2025-03-02 18:18:13,369 - api_connection - INFO - Disconnecting from Deriv API...
2025-03-02 18:18:13,525 - main - ERROR - Failed to connect to Deriv API
2025-03-02 18:18:13,533 - trader - INFO - Stopping trader
2025-03-02 18:18:13,534 - main - INFO - Bot stopped
